  Bullet.cpp
C:\Users\song\source\repos\API\API\Include\types.h(31,9): warning C4244: '=': 'const LONG'에서 'float'(으)로 변환하면서 데이터가 손실될 수 있습니다.
C:\Users\song\source\repos\API\API\Include\types.h(32,9): warning C4244: '=': 'const LONG'에서 'float'(으)로 변환하면서 데이터가 손실될 수 있습니다.
C:\Users\song\source\repos\API\API\Include\types.h(45,9): warning C4244: '=': 'const LONG'에서 'float'(으)로 변환하면서 데이터가 손실될 수 있습니다.
C:\Users\song\source\repos\API\API\Include\types.h(46,9): warning C4244: '=': 'const LONG'에서 'float'(으)로 변환하면서 데이터가 손실될 수 있습니다.
C:\Users\song\source\repos\API\API\Include\Object\Bullet.cpp(51,105): warning C4244: '인수': 'float'에서 'int'(으)로 변환하면서 데이터가 손실될 수 있습니다.
C:\Users\song\source\repos\API\API\Include\Object\Bullet.cpp(51,79): warning C4244: '인수': 'float'에서 'int'(으)로 변환하면서 데이터가 손실될 수 있습니다.
C:\Users\song\source\repos\API\API\Include\Object\Bullet.cpp(51,53): warning C4244: '인수': 'float'에서 'int'(으)로 변환하면서 데이터가 손실될 수 있습니다.
C:\Users\song\source\repos\API\API\Include\Object\Bullet.cpp(51,27): warning C4244: '인수': 'float'에서 'int'(으)로 변환하면서 데이터가 손실될 수 있습니다.
  Player.cpp
C:\Users\song\source\repos\API\API\Include\types.h(31,9): warning C4244: '=': 'const LONG'에서 'float'(으)로 변환하면서 데이터가 손실될 수 있습니다.
C:\Users\song\source\repos\API\API\Include\types.h(32,9): warning C4244: '=': 'const LONG'에서 'float'(으)로 변환하면서 데이터가 손실될 수 있습니다.
C:\Users\song\source\repos\API\API\Include\types.h(45,9): warning C4244: '=': 'const LONG'에서 'float'(으)로 변환하면서 데이터가 손실될 수 있습니다.
C:\Users\song\source\repos\API\API\Include\types.h(46,9): warning C4244: '=': 'const LONG'에서 'float'(으)로 변환하면서 데이터가 손실될 수 있습니다.
C:\Users\song\source\repos\API\API\Include\Object\Player.cpp(102,72): warning C4244: '인수': 'float'에서 'int'(으)로 변환하면서 데이터가 손실될 수 있습니다.
C:\Users\song\source\repos\API\API\Include\Object\Player.cpp(102,49): warning C4244: '인수': 'float'에서 'int'(으)로 변환하면서 데이터가 손실될 수 있습니다.
C:\Users\song\source\repos\API\API\Include\Object\Player.cpp(102,36): warning C4244: '인수': 'float'에서 'int'(으)로 변환하면서 데이터가 손실될 수 있습니다.
C:\Users\song\source\repos\API\API\Include\Object\Player.cpp(102,26): warning C4244: '인수': 'float'에서 'int'(으)로 변환하면서 데이터가 손실될 수 있습니다.
  코드를 생성하고 있습니다...
  API.vcxproj -> C:\Users\song\source\repos\API\API\Bin\API_Debug.exe
